TN:
SF:01-requestcount.js
FN:12,countRequests
FNF:1
FNH:1
FNDA:12,countRequests
DA:1,1
DA:2,1
DA:3,1
DA:4,1
DA:5,1
DA:6,1
DA:7,1
DA:8,1
DA:9,1
DA:10,1
DA:11,1
DA:12,12
DA:13,12
DA:14,12
DA:15,12
DA:16,1
DA:17,1
DA:18,1
DA:19,1
DA:20,10
DA:21,1
DA:22,1
DA:23,1
DA:24,0
DA:25,1
DA:26,1
DA:27,1
DA:28,2
DA:29,1
DA:30,1
DA:31,1
LF:31
LH:30
BRDA:12,0,0,12
BRDA:19,1,0,10
BRDA:27,2,0,2
BRF:3
BRH:3
end_of_record
TN:
SF:02-ratelimitter.js
FN:19,reateLimit
FNF:1
FNH:1
FNDA:13,reateLimit
DA:1,1
DA:2,1
DA:3,1
DA:4,1
DA:5,1
DA:6,1
DA:7,1
DA:8,1
DA:9,1
DA:10,1
DA:11,1
DA:12,1
DA:13,1
DA:14,1
DA:15,1
DA:16,2
DA:17,1
DA:18,1
DA:19,13
DA:20,13
DA:21,13
DA:22,0
DA:23,0
DA:24,13
DA:25,2
DA:26,2
DA:27,13
DA:28,13
DA:29,7
DA:30,7
DA:31,13
DA:32,13
DA:33,13
DA:34,13
DA:35,1
DA:36,1
DA:37,1
DA:38,1
DA:39,13
DA:40,1
DA:41,1
DA:42,1
DA:43,0
DA:44,1
DA:45,1
DA:46,1
LF:46
LH:43
BRDA:15,0,0,2
BRDA:19,1,0,13
BRDA:21,2,0,0
BRDA:24,3,0,2
BRDA:28,4,0,7
BRDA:38,5,0,13
BRF:6
BRH:5
end_of_record
TN:
SF:03-errorcount.js
FNF:0
FNH:0
DA:1,1
DA:2,1
DA:3,1
DA:4,1
DA:5,1
DA:6,1
DA:7,1
DA:8,1
DA:9,1
DA:10,1
DA:11,1
DA:12,1
DA:13,1
DA:14,11
DA:15,0
DA:16,1
DA:17,1
DA:18,1
DA:19,0
DA:20,1
DA:21,1
DA:22,1
DA:23,2
DA:24,1
DA:25,1
DA:26,1
DA:27,11
DA:28,11
DA:29,1
DA:30,1
LF:30
LH:28
BRDA:13,0,0,11
BRDA:14,1,0,0
BRDA:22,2,0,2
BRDA:26,3,0,11
BRF:4
BRH:3
end_of_record
